<?xml version="1.0" encoding="utf-8" standalone="no"?>
<!--This file represents the results of running a test suite-->
<test-results name="C:\Code\swampy\UnitTest\bin\Debug\Swampy.UnitTest.dll" total="8" errors="0" failures="0" not-run="0" inconclusive="0" ignored="0" skipped="0" invalid="0" date="2012-11-13" time="10:25:02">
  <environment nunit-version="2.6.2.12296" clr-version="2.0.50727.5456" os-version="Microsoft Windows NT 6.1.7601 Service Pack 1" platform="Win32NT" cwd="C:\Code\swampy" machine-name="14679W7N" user="fatjoh0" user-domain="SAIG" />
  <culture-info current-culture="en-AU" current-uiculture="en-US" />
  <test-suite type="Assembly" name="C:\Code\swampy\UnitTest\bin\Debug\Swampy.UnitTest.dll" executed="True" result="Success" success="True" time="0.623" asserts="0">
    <results>
      <test-suite type="Namespace" name="Swampy" executed="True" result="Success" success="True" time="0.616" asserts="0">
        <results>
          <test-suite type="Namespace" name="UnitTest" executed="True" result="Success" success="True" time="0.616" asserts="0">
            <results>
              <test-suite type="Namespace" name="Admin" executed="True" result="Success" success="True" time="0.013" asserts="0">
                <results>
                  <test-suite type="Namespace" name="MVC" executed="True" result="Success" success="True" time="0.013" asserts="0">
                    <results>
                      <test-suite type="Namespace" name="Controllers" executed="True" result="Success" success="True" time="0.012" asserts="0">
                        <results>
                          <test-suite type="TestFixture" name="EnvironmentController_Test" executed="True" result="Success" success="True" time="0.012" asserts="0">
                            <results>
                              <test-case name="Swampy.UnitTest.Admin.MVC.Controllers.EnvironmentController_Test.Index" executed="True" result="Success" success="True" time="0.007" asserts="0" />
                            </results>
                          </test-suite>
                        </results>
                      </test-suite>
                    </results>
                  </test-suite>
                </results>
              </test-suite>
              <test-suite type="Namespace" name="Domain" executed="True" result="Success" success="True" time="0.014" asserts="0">
                <results>
                  <test-suite type="TestFixture" name="LevenshteinTest" executed="True" result="Success" success="True" time="0.013" asserts="0">
                    <results>
                      <test-case name="Swampy.UnitTest.Domain.LevenshteinTest.close_match_returns_value_lessthan_50" executed="True" result="Success" success="True" time="0.006" asserts="4" />
                      <test-case name="Swampy.UnitTest.Domain.LevenshteinTest.exact_match_returns_zero" executed="True" result="Success" success="True" time="0.004" asserts="1" />
                      <test-case name="Swampy.UnitTest.Domain.LevenshteinTest.no_match_returns_value_greaterthan_50" executed="True" result="Success" success="True" time="0.000" asserts="1" />
                    </results>
                  </test-suite>
                </results>
              </test-suite>
              <test-suite type="Namespace" name="Service" executed="True" result="Success" success="True" time="0.008" asserts="0">
                <results>
                  <test-suite type="Namespace" name="Endpoint" executed="True" result="Success" success="True" time="0.008" asserts="0">
                    <results>
                      <test-suite type="TestFixture" name="WebpageUrl_Test" executed="True" result="Success" success="True" time="0.007" asserts="0">
                        <results>
                          <test-case name="Swampy.UnitTest.Service.Endpoint.WebpageUrl_Test.url_correctly_validates" executed="True" result="Success" success="True" time="0.007" asserts="2" />
                        </results>
                      </test-suite>
                    </results>
                  </test-suite>
                </results>
              </test-suite>
              <test-suite type="Namespace" name="Shared" executed="True" result="Success" success="True" time="0.573" asserts="0">
                <results>
                  <test-suite type="Namespace" name="Infrastructure" executed="True" result="Success" success="True" time="0.573" asserts="0">
                    <results>
                      <test-suite type="TestFixture" name="LoggingInterceptor_Test" executed="True" result="Success" success="True" time="0.572" asserts="0">
                        <results>
                          <test-case name="Swampy.UnitTest.Shared.Infrastructure.LoggingInterceptor_Test.interceptor_logs_execption_with_debug_off" executed="True" result="Success" success="True" time="0.550" asserts="1" />
                          <test-case name="Swampy.UnitTest.Shared.Infrastructure.LoggingInterceptor_Test.interceptor_logs_registered_class_entry_and_result" executed="True" result="Success" success="True" time="0.011" asserts="2" />
                          <test-case name="Swampy.UnitTest.Shared.Infrastructure.LoggingInterceptor_Test.interceptor_noes_not_log_on_success_with_debug_off" executed="True" result="Success" success="True" time="0.009" asserts="1" />
                        </results>
                      </test-suite>
                    </results>
                  </test-suite>
                </results>
              </test-suite>
            </results>
          </test-suite>
        </results>
      </test-suite>
    </results>
  </test-suite>
</test-results>